<?xml version="1.0" encoding="UTF-8"?>
<testng-results skipped="0" failed="0" ignored="0" total="1" passed="1">
  <reporter-output>
  </reporter-output>
  <suite name="Default suite" duration-ms="39" started-at="2022-07-20T14:43:26 IST" finished-at="2022-07-20T14:43:26 IST">
    <groups>
    </groups>
    <test name="Default test" duration-ms="39" started-at="2022-07-20T14:43:26 IST" finished-at="2022-07-20T14:43:26 IST">
      <class name="deletecontactTest.deleteclasstest">
        <test-method status="PASS" signature="DeleteTest()[pri:0, instance:deletecontactTest.deleteclasstest@11438d26]" name="DeleteTest" duration-ms="6" started-at="2022-07-20T14:43:26 IST" finished-at="2022-07-20T14:43:26 IST">
          <reporter-output>
          </reporter-output>
        </test-method> <!-- DeleteTest -->
      </class> <!-- deletecontactTest.deleteclasstest -->
    </test> <!-- Default test -->
  </suite> <!-- Default suite -->
</testng-results>
